<?xml version="1.0" encoding="UTF-8"?>
<testng-results skipped="0" failed="1" total="3" passed="2">
  <reporter-output>
  </reporter-output>
  <suite name="Suite" duration-ms="69392" started-at="2018-07-25T06:47:37Z" finished-at="2018-07-25T06:48:46Z">
    <groups>
    </groups>
    <test name="Test" duration-ms="2411" started-at="2018-07-25T06:47:37Z" finished-at="2018-07-25T06:47:39Z">
      <class name="com.accenture.tests.LoginTest">
        <test-method status="FAIL" signature="LoginInvalid()[pri:0, instance:com.accenture.tests.LoginTest@8bd1b6a]" name="LoginInvalid" duration-ms="46" started-at="2018-07-25T12:17:39Z" finished-at="2018-07-25T12:17:39Z">
          <exception class="junit.framework.ComparisonFailure">
            <message>
              <![CDATA[expected:<Tested[123]> but was:<Tested[]>]]>
            </message>
            <full-stacktrace>
              <![CDATA[junit.framework.ComparisonFailure: expected:<Tested[123]> but was:<Tested[]>
	at junit.framework.Assert.assertEquals(Assert.java:85)
	at junit.framework.Assert.assertEquals(Assert.java:91)
	at com.accenture.tests.LoginTest.LoginInvalid(LoginTest.java:20)
	at sun.reflect.NativeMethodAccessorImpl.invoke0(Native Method)
	at sun.reflect.NativeMethodAccessorImpl.invoke(Unknown Source)
	at sun.reflect.DelegatingMethodAccessorImpl.invoke(Unknown Source)
	at java.lang.reflect.Method.invoke(Unknown Source)
	at org.testng.internal.MethodInvocationHelper.invokeMethod(MethodInvocationHelper.java:80)
	at org.testng.internal.Invoker.invokeMethod(Invoker.java:714)
	at org.testng.internal.Invoker.invokeTestMethod(Invoker.java:901)
	at org.testng.internal.Invoker.invokeTestMethods(Invoker.java:1231)
	at org.testng.internal.TestMethodWorker.invokeTestMethods(TestMethodWorker.java:127)
	at org.testng.internal.TestMethodWorker.run(TestMethodWorker.java:111)
	at org.testng.TestRunner.privateRun(TestRunner.java:767)
	at org.testng.TestRunner.run(TestRunner.java:617)
	at org.testng.SuiteRunner.runTest(SuiteRunner.java:334)
	at org.testng.SuiteRunner.runSequentially(SuiteRunner.java:329)
	at org.testng.SuiteRunner.privateRun(SuiteRunner.java:291)
	at org.testng.SuiteRunner.run(SuiteRunner.java:240)
	at org.testng.SuiteRunnerWorker.runSuite(SuiteRunnerWorker.java:52)
	at org.testng.SuiteRunnerWorker.run(SuiteRunnerWorker.java:86)
	at org.testng.TestNG.runSuitesSequentially(TestNG.java:1198)
	at org.testng.TestNG.runSuitesLocally(TestNG.java:1123)
	at org.testng.TestNG.run(TestNG.java:1031)
	at org.testng.remote.AbstractRemoteTestNG.run(AbstractRemoteTestNG.java:114)
	at org.testng.remote.RemoteTestNG.initAndRun(RemoteTestNG.java:251)
	at org.testng.remote.RemoteTestNG.main(RemoteTestNG.java:77)
]]>
            </full-stacktrace>
          </exception> <!-- junit.framework.ComparisonFailure -->
          <reporter-output>
          </reporter-output>
        </test-method> <!-- LoginInvalid -->
        <test-method status="PASS" signature="LoginValid()[pri:0, instance:com.accenture.tests.LoginTest@8bd1b6a]" name="LoginValid" duration-ms="19" started-at="2018-07-25T12:17:39Z" finished-at="2018-07-25T12:17:39Z">
          <reporter-output>
          </reporter-output>
        </test-method> <!-- LoginValid -->
      </class> <!-- com.accenture.tests.LoginTest -->
    </test> <!-- Test -->
    <test name="Test2" duration-ms="64619" started-at="2018-07-25T06:47:42Z" finished-at="2018-07-25T06:48:46Z">
      <class name="com.accenture.tests.RegistrationTest">
        <test-method status="PASS" signature="beforeTest()[pri:0, instance:com.accenture.tests.RegistrationTest@6eebc39e]" name="beforeTest" is-config="true" duration-ms="52336" started-at="2018-07-25T12:17:42Z" finished-at="2018-07-25T12:18:34Z">
          <reporter-output>
          </reporter-output>
        </test-method> <!-- beforeTest -->
        <test-method status="PASS" signature="TestRegistration()[pri:0, instance:com.accenture.tests.RegistrationTest@6eebc39e]" name="TestRegistration" duration-ms="12263" started-at="2018-07-25T12:18:34Z" finished-at="2018-07-25T12:18:46Z">
          <reporter-output>
          </reporter-output>
        </test-method> <!-- TestRegistration -->
        <test-method status="PASS" signature="afterTest()[pri:0, instance:com.accenture.tests.RegistrationTest@6eebc39e]" name="afterTest" is-config="true" duration-ms="1" started-at="2018-07-25T12:18:46Z" finished-at="2018-07-25T12:18:46Z">
          <reporter-output>
          </reporter-output>
        </test-method> <!-- afterTest -->
      </class> <!-- com.accenture.tests.RegistrationTest -->
    </test> <!-- Test2 -->
  </suite> <!-- Suite -->
</testng-results>
