<?xml version="1.0" encoding="UTF-8"?>
<!-- Generated by org.testng.reporters.JUnitXMLReporter -->
<testsuite hostname="P4A-508SD64" name="Test" tests="2" failures="1" timestamp="25 Jul 2018 06:47:39 GMT" time="2.411" errors="0">
  <testcase name="LoginInvalid" time="0.046" classname="com.accenture.tests.LoginTest">
    <failure type="junit.framework.ComparisonFailure" message="expected:&amp;lt;Tested[123]&amp;gt; but was:&amp;lt;Tested[]&amp;gt;">
      <![CDATA[junit.framework.ComparisonFailure: expected:<Tested[123]> but was:<Tested[]>
	at junit.framework.Assert.assertEquals(Assert.java:85)
	at junit.framework.Assert.assertEquals(Assert.java:91)
	at com.accenture.tests.LoginTest.LoginInvalid(LoginTest.java:20)
... Removed 24 stack frames]]>
    </failure>
  </testcase> <!-- LoginInvalid -->
  <testcase name="LoginValid" time="0.019" classname="com.accenture.tests.LoginTest"/>
</testsuite> <!-- Test -->
